{"/config/workspace/jpeterson-dev/client/src/App.js": {"path":"/config/workspace/jpeterson-dev/client/src/App.js","statementMap":{"0":{"start":{"line":13,"column":27},"end":{"line":19,"column":1}},"1":{"start":{"line":14,"column":22},"end":{"line":14,"column":45}},"2":{"start":{"line":15,"column":2},"end":{"line":17,"column":3}},"3":{"start":{"line":16,"column":4},"end":{"line":16,"column":38}},"4":{"start":{"line":18,"column":2},"end":{"line":18,"column":18}},"5":{"start":{"line":21,"column":15},"end":{"line":41,"column":1}},"6":{"start":{"line":22,"column":2},"end":{"line":40,"column":4}},"7":{"start":{"line":44,"column":2},"end":{"line":54,"column":4}}},"fnMap":{"0":{"name":"(anonymous_0)","decl":{"start":{"line":13,"column":27},"end":{"line":13,"column":28}},"loc":{"start":{"line":13,"column":45},"end":{"line":19,"column":1}},"line":13},"1":{"name":"(anonymous_1)","decl":{"start":{"line":21,"column":15},"end":{"line":21,"column":16}},"loc":{"start":{"line":21,"column":21},"end":{"line":41,"column":1}},"line":21},"2":{"name":"App","decl":{"start":{"line":43,"column":9},"end":{"line":43,"column":12}},"loc":{"start":{"line":43,"column":15},"end":{"line":55,"column":1}},"line":43}},"branchMap":{"0":{"loc":{"start":{"line":15,"column":2},"end":{"line":17,"column":3}},"type":"if","locations":[{"start":{"line":15,"column":2},"end":{"line":17,"column":3}},{"start":{"line":15,"column":2},"end":{"line":17,"column":3}}],"line":15}},"s":{"0":1,"1":0,"2":0,"3":0,"4":0,"5":1,"6":1,"7":1},"f":{"0":0,"1":1,"2":1},"b":{"0":[0,0]},"_coverageSchema":"1a1c01bbd47fc00a2c39e90264f33305004495a9","hash":"fa3aa88baf653457489c569b762c897b9b745a3b"}
,"/config/workspace/jpeterson-dev/client/src/dummytext.js": {"path":"/config/workspace/jpeterson-dev/client/src/dummytext.js","statementMap":{"0":{"start":{"line":1,"column":18},"end":{"line":1,"column":2270}}},"fnMap":{},"branchMap":{},"s":{"0":1},"f":{},"b":{},"_coverageSchema":"1a1c01bbd47fc00a2c39e90264f33305004495a9","hash":"3c268f027387cfddac0f738a0b431a493ca35c87"}
,"/config/workspace/jpeterson-dev/client/src/index.js": {"path":"/config/workspace/jpeterson-dev/client/src/index.js","statementMap":{"0":{"start":{"line":11,"column":0},"end":{"line":16,"column":2}},"1":{"start":{"line":21,"column":0},"end":{"line":21,"column":27}}},"fnMap":{},"branchMap":{},"s":{"0":0,"1":0},"f":{},"b":{}}
,"/config/workspace/jpeterson-dev/client/src/serviceWorker.js": {"path":"/config/workspace/jpeterson-dev/client/src/serviceWorker.js","statementMap":{"0":{"start":{"line":13,"column":20},"end":{"line":21,"column":1}},"1":{"start":{"line":24,"column":2},"end":{"line":54,"column":3}},"2":{"start":{"line":26,"column":22},"end":{"line":26,"column":75}},"3":{"start":{"line":27,"column":4},"end":{"line":32,"column":5}},"4":{"start":{"line":31,"column":6},"end":{"line":31,"column":13}},"5":{"start":{"line":34,"column":4},"end":{"line":53,"column":7}},"6":{"start":{"line":35,"column":20},"end":{"line":35,"column":65}},"7":{"start":{"line":37,"column":6},"end":{"line":52,"column":7}},"8":{"start":{"line":39,"column":8},"end":{"line":39,"column":47}},"9":{"start":{"line":43,"column":8},"end":{"line":48,"column":11}},"10":{"start":{"line":44,"column":10},"end":{"line":47,"column":12}},"11":{"start":{"line":51,"column":8},"end":{"line":51,"column":39}},"12":{"start":{"line":58,"column":2},"end":{"line":98,"column":7}},"13":{"start":{"line":61,"column":6},"end":{"line":94,"column":8}},"14":{"start":{"line":62,"column":33},"end":{"line":62,"column":56}},"15":{"start":{"line":63,"column":8},"end":{"line":65,"column":9}},"16":{"start":{"line":64,"column":10},"end":{"line":64,"column":17}},"17":{"start":{"line":66,"column":8},"end":{"line":93,"column":10}},"18":{"start":{"line":67,"column":10},"end":{"line":92,"column":11}},"19":{"start":{"line":68,"column":12},"end":{"line":91,"column":13}},"20":{"start":{"line":72,"column":14},"end":{"line":75,"column":16}},"21":{"start":{"line":78,"column":14},"end":{"line":80,"column":15}},"22":{"start":{"line":79,"column":16},"end":{"line":79,"column":46}},"23":{"start":{"line":85,"column":14},"end":{"line":85,"column":64}},"24":{"start":{"line":88,"column":14},"end":{"line":90,"column":15}},"25":{"start":{"line":89,"column":16},"end":{"line":89,"column":47}},"26":{"start":{"line":97,"column":6},"end":{"line":97,"column":72}},"27":{"start":{"line":103,"column":2},"end":{"line":128,"column":7}},"28":{"start":{"line":108,"column":26},"end":{"line":108,"column":62}},"29":{"start":{"line":109,"column":6},"end":{"line":122,"column":7}},"30":{"start":{"line":114,"column":8},"end":{"line":118,"column":11}},"31":{"start":{"line":115,"column":10},"end":{"line":117,"column":13}},"32":{"start":{"line":116,"column":12},"end":{"line":116,"column":37}},"33":{"start":{"line":121,"column":8},"end":{"line":121,"column":39}},"34":{"start":{"line":125,"column":6},"end":{"line":127,"column":8}},"35":{"start":{"line":132,"column":2},"end":{"line":140,"column":3}},"36":{"start":{"line":133,"column":4},"end":{"line":139,"column":9}},"37":{"start":{"line":135,"column":8},"end":{"line":135,"column":34}},"38":{"start":{"line":138,"column":8},"end":{"line":138,"column":37}}},"fnMap":{"0":{"name":"register","decl":{"start":{"line":23,"column":16},"end":{"line":23,"column":24}},"loc":{"start":{"line":23,"column":33},"end":{"line":55,"column":1}},"line":23},"1":{"name":"(anonymous_1)","decl":{"start":{"line":34,"column":36},"end":{"line":34,"column":37}},"loc":{"start":{"line":34,"column":42},"end":{"line":53,"column":5}},"line":34},"2":{"name":"(anonymous_2)","decl":{"start":{"line":43,"column":43},"end":{"line":43,"column":44}},"loc":{"start":{"line":43,"column":49},"end":{"line":48,"column":9}},"line":43},"3":{"name":"registerValidSW","decl":{"start":{"line":57,"column":9},"end":{"line":57,"column":24}},"loc":{"start":{"line":57,"column":40},"end":{"line":99,"column":1}},"line":57},"4":{"name":"(anonymous_4)","decl":{"start":{"line":60,"column":10},"end":{"line":60,"column":11}},"loc":{"start":{"line":60,"column":26},"end":{"line":95,"column":5}},"line":60},"5":{"name":"(anonymous_5)","decl":{"start":{"line":61,"column":35},"end":{"line":61,"column":36}},"loc":{"start":{"line":61,"column":41},"end":{"line":94,"column":7}},"line":61},"6":{"name":"(anonymous_6)","decl":{"start":{"line":66,"column":41},"end":{"line":66,"column":42}},"loc":{"start":{"line":66,"column":47},"end":{"line":93,"column":9}},"line":66},"7":{"name":"(anonymous_7)","decl":{"start":{"line":96,"column":11},"end":{"line":96,"column":12}},"loc":{"start":{"line":96,"column":20},"end":{"line":98,"column":5}},"line":96},"8":{"name":"checkValidServiceWorker","decl":{"start":{"line":101,"column":9},"end":{"line":101,"column":32}},"loc":{"start":{"line":101,"column":48},"end":{"line":129,"column":1}},"line":101},"9":{"name":"(anonymous_9)","decl":{"start":{"line":106,"column":10},"end":{"line":106,"column":11}},"loc":{"start":{"line":106,"column":22},"end":{"line":123,"column":5}},"line":106},"10":{"name":"(anonymous_10)","decl":{"start":{"line":114,"column":43},"end":{"line":114,"column":44}},"loc":{"start":{"line":114,"column":59},"end":{"line":118,"column":9}},"line":114},"11":{"name":"(anonymous_11)","decl":{"start":{"line":115,"column":41},"end":{"line":115,"column":42}},"loc":{"start":{"line":115,"column":47},"end":{"line":117,"column":11}},"line":115},"12":{"name":"(anonymous_12)","decl":{"start":{"line":124,"column":11},"end":{"line":124,"column":12}},"loc":{"start":{"line":124,"column":17},"end":{"line":128,"column":5}},"line":124},"13":{"name":"unregister","decl":{"start":{"line":131,"column":16},"end":{"line":131,"column":26}},"loc":{"start":{"line":131,"column":29},"end":{"line":141,"column":1}},"line":131},"14":{"name":"(anonymous_14)","decl":{"start":{"line":134,"column":12},"end":{"line":134,"column":13}},"loc":{"start":{"line":134,"column":28},"end":{"line":136,"column":7}},"line":134},"15":{"name":"(anonymous_15)","decl":{"start":{"line":137,"column":13},"end":{"line":137,"column":14}},"loc":{"start":{"line":137,"column":22},"end":{"line":139,"column":7}},"line":137}},"branchMap":{"0":{"loc":{"start":{"line":14,"column":2},"end":{"line":20,"column":5}},"type":"binary-expr","locations":[{"start":{"line":14,"column":2},"end":{"line":14,"column":42}},{"start":{"line":16,"column":4},"end":{"line":16,"column":40}},{"start":{"line":18,"column":4},"end":{"line":20,"column":5}}],"line":14},"1":{"loc":{"start":{"line":24,"column":2},"end":{"line":54,"column":3}},"type":"if","locations":[{"start":{"line":24,"column":2},"end":{"line":54,"column":3}},{"start":{"line":24,"column":2},"end":{"line":54,"column":3}}],"line":24},"2":{"loc":{"start":{"line":24,"column":6},"end":{"line":24,"column":75}},"type":"binary-expr","locations":[{"start":{"line":24,"column":6},"end":{"line":24,"column":43}},{"start":{"line":24,"column":47},"end":{"line":24,"column":75}}],"line":24},"3":{"loc":{"start":{"line":27,"column":4},"end":{"line":32,"column":5}},"type":"if","locations":[{"start":{"line":27,"column":4},"end":{"line":32,"column":5}},{"start":{"line":27,"column":4},"end":{"line":32,"column":5}}],"line":27},"4":{"loc":{"start":{"line":37,"column":6},"end":{"line":52,"column":7}},"type":"if","locations":[{"start":{"line":37,"column":6},"end":{"line":52,"column":7}},{"start":{"line":37,"column":6},"end":{"line":52,"column":7}}],"line":37},"5":{"loc":{"start":{"line":63,"column":8},"end":{"line":65,"column":9}},"type":"if","locations":[{"start":{"line":63,"column":8},"end":{"line":65,"column":9}},{"start":{"line":63,"column":8},"end":{"line":65,"column":9}}],"line":63},"6":{"loc":{"start":{"line":67,"column":10},"end":{"line":92,"column":11}},"type":"if","locations":[{"start":{"line":67,"column":10},"end":{"line":92,"column":11}},{"start":{"line":67,"column":10},"end":{"line":92,"column":11}}],"line":67},"7":{"loc":{"start":{"line":68,"column":12},"end":{"line":91,"column":13}},"type":"if","locations":[{"start":{"line":68,"column":12},"end":{"line":91,"column":13}},{"start":{"line":68,"column":12},"end":{"line":91,"column":13}}],"line":68},"8":{"loc":{"start":{"line":78,"column":14},"end":{"line":80,"column":15}},"type":"if","locations":[{"start":{"line":78,"column":14},"end":{"line":80,"column":15}},{"start":{"line":78,"column":14},"end":{"line":80,"column":15}}],"line":78},"9":{"loc":{"start":{"line":78,"column":18},"end":{"line":78,"column":43}},"type":"binary-expr","locations":[{"start":{"line":78,"column":18},"end":{"line":78,"column":24}},{"start":{"line":78,"column":28},"end":{"line":78,"column":43}}],"line":78},"10":{"loc":{"start":{"line":88,"column":14},"end":{"line":90,"column":15}},"type":"if","locations":[{"start":{"line":88,"column":14},"end":{"line":90,"column":15}},{"start":{"line":88,"column":14},"end":{"line":90,"column":15}}],"line":88},"11":{"loc":{"start":{"line":88,"column":18},"end":{"line":88,"column":44}},"type":"binary-expr","locations":[{"start":{"line":88,"column":18},"end":{"line":88,"column":24}},{"start":{"line":88,"column":28},"end":{"line":88,"column":44}}],"line":88},"12":{"loc":{"start":{"line":109,"column":6},"end":{"line":122,"column":7}},"type":"if","locations":[{"start":{"line":109,"column":6},"end":{"line":122,"column":7}},{"start":{"line":109,"column":6},"end":{"line":122,"column":7}}],"line":109},"13":{"loc":{"start":{"line":110,"column":8},"end":{"line":111,"column":73}},"type":"binary-expr","locations":[{"start":{"line":110,"column":8},"end":{"line":110,"column":31}},{"start":{"line":111,"column":9},"end":{"line":111,"column":28}},{"start":{"line":111,"column":32},"end":{"line":111,"column":72}}],"line":110},"14":{"loc":{"start":{"line":132,"column":2},"end":{"line":140,"column":3}},"type":"if","locations":[{"start":{"line":132,"column":2},"end":{"line":140,"column":3}},{"start":{"line":132,"column":2},"end":{"line":140,"column":3}}],"line":132}},"s":{"0":0,"1":0,"2":0,"3":0,"4":0,"5":0,"6":0,"7":0,"8":0,"9":0,"10":0,"11":0,"12":0,"13":0,"14":0,"15":0,"16":0,"17":0,"18":0,"19":0,"20":0,"21":0,"22":0,"23":0,"24":0,"25":0,"26":0,"27":0,"28":0,"29":0,"30":0,"31":0,"32":0,"33":0,"34":0,"35":0,"36":0,"37":0,"38":0},"f":{"0":0,"1":0,"2":0,"3":0,"4":0,"5":0,"6":0,"7":0,"8":0,"9":0,"10":0,"11":0,"12":0,"13":0,"14":0,"15":0},"b":{"0":[0,0,0],"1":[0,0],"2":[0,0],"3":[0,0],"4":[0,0],"5":[0,0],"6":[0,0],"7":[0,0],"8":[0,0],"9":[0,0],"10":[0,0],"11":[0,0],"12":[0,0],"13":[0,0,0],"14":[0,0]}}
,"/config/workspace/jpeterson-dev/client/src/Components/About.js": {"path":"/config/workspace/jpeterson-dev/client/src/Components/About.js","statementMap":{"0":{"start":{"line":5,"column":4},"end":{"line":21,"column":6}}},"fnMap":{"0":{"name":"About","decl":{"start":{"line":4,"column":9},"end":{"line":4,"column":14}},"loc":{"start":{"line":4,"column":22},"end":{"line":22,"column":1}},"line":4}},"branchMap":{},"s":{"0":1},"f":{"0":1},"b":{},"_coverageSchema":"1a1c01bbd47fc00a2c39e90264f33305004495a9","hash":"fda1bc4e1913d6b3439de938cff20accf9fd6699"}
,"/config/workspace/jpeterson-dev/client/src/Components/AddPost.js": {"path":"/config/workspace/jpeterson-dev/client/src/Components/AddPost.js","statementMap":{"0":{"start":{"line":7,"column":24},"end":{"line":12,"column":5}},"1":{"start":{"line":14,"column":25},"end":{"line":14,"column":49}},"2":{"start":{"line":15,"column":28},"end":{"line":15,"column":49}},"3":{"start":{"line":16,"column":42},"end":{"line":18,"column":5}},"4":{"start":{"line":17,"column":14},"end":{"line":17,"column":39}},"5":{"start":{"line":19,"column":34},"end":{"line":19,"column":44}},"6":{"start":{"line":21,"column":24},"end":{"line":26,"column":5}},"7":{"start":{"line":22,"column":8},"end":{"line":25,"column":10}},"8":{"start":{"line":23,"column":28},"end":{"line":23,"column":113}},"9":{"start":{"line":24,"column":12},"end":{"line":24,"column":26}},"10":{"start":{"line":28,"column":23},"end":{"line":37,"column":5}},"11":{"start":{"line":29,"column":8},"end":{"line":36,"column":9}},"12":{"start":{"line":30,"column":29},"end":{"line":30,"column":87}},"13":{"start":{"line":31,"column":12},"end":{"line":31,"column":36}},"14":{"start":{"line":32,"column":12},"end":{"line":32,"column":32}},"15":{"start":{"line":33,"column":12},"end":{"line":33,"column":59}},"16":{"start":{"line":33,"column":33},"end":{"line":33,"column":58}},"17":{"start":{"line":35,"column":12},"end":{"line":35,"column":29}},"18":{"start":{"line":39,"column":30},"end":{"line":42,"column":5}},"19":{"start":{"line":40,"column":32},"end":{"line":40,"column":40}},"20":{"start":{"line":41,"column":8},"end":{"line":41,"column":44}},"21":{"start":{"line":44,"column":4},"end":{"line":81,"column":5}}},"fnMap":{"0":{"name":"AddPost","decl":{"start":{"line":6,"column":9},"end":{"line":6,"column":16}},"loc":{"start":{"line":6,"column":19},"end":{"line":82,"column":1}},"line":6},"1":{"name":"(anonymous_1)","decl":{"start":{"line":17,"column":8},"end":{"line":17,"column":9}},"loc":{"start":{"line":17,"column":14},"end":{"line":17,"column":39}},"line":17},"2":{"name":"(anonymous_2)","decl":{"start":{"line":21,"column":24},"end":{"line":21,"column":25}},"loc":{"start":{"line":21,"column":30},"end":{"line":26,"column":5}},"line":21},"3":{"name":"(anonymous_3)","decl":{"start":{"line":22,"column":16},"end":{"line":22,"column":17}},"loc":{"start":{"line":22,"column":29},"end":{"line":25,"column":9}},"line":22},"4":{"name":"(anonymous_4)","decl":{"start":{"line":28,"column":23},"end":{"line":28,"column":24}},"loc":{"start":{"line":28,"column":35},"end":{"line":37,"column":5}},"line":28},"5":{"name":"(anonymous_5)","decl":{"start":{"line":33,"column":27},"end":{"line":33,"column":28}},"loc":{"start":{"line":33,"column":33},"end":{"line":33,"column":58}},"line":33},"6":{"name":"(anonymous_6)","decl":{"start":{"line":39,"column":30},"end":{"line":39,"column":31}},"loc":{"start":{"line":39,"column":37},"end":{"line":42,"column":5}},"line":39}},"branchMap":{},"s":{"0":0,"1":0,"2":0,"3":0,"4":0,"5":0,"6":0,"7":0,"8":0,"9":0,"10":0,"11":0,"12":0,"13":0,"14":0,"15":0,"16":0,"17":0,"18":0,"19":0,"20":0,"21":0},"f":{"0":0,"1":0,"2":0,"3":0,"4":0,"5":0,"6":0},"b":{},"_coverageSchema":"1a1c01bbd47fc00a2c39e90264f33305004495a9","hash":"493b6e85f3821d13f6f42d6626c2168e58ecc0de"}
,"/config/workspace/jpeterson-dev/client/src/Components/Blog.js": {"path":"/config/workspace/jpeterson-dev/client/src/Components/Blog.js","statementMap":{"0":{"start":{"line":8,"column":30},"end":{"line":8,"column":42}},"1":{"start":{"line":10,"column":4},"end":{"line":12,"column":11}},"2":{"start":{"line":11,"column":8},"end":{"line":11,"column":19}},"3":{"start":{"line":14,"column":21},"end":{"line":21,"column":5}},"4":{"start":{"line":15,"column":8},"end":{"line":20,"column":9}},"5":{"start":{"line":16,"column":29},"end":{"line":16,"column":69}},"6":{"start":{"line":17,"column":12},"end":{"line":17,"column":27}},"7":{"start":{"line":19,"column":12},"end":{"line":19,"column":28}},"8":{"start":{"line":23,"column":8},"end":{"line":40,"column":10}},"9":{"start":{"line":32,"column":24},"end":{"line":34,"column":31}}},"fnMap":{"0":{"name":"Blog","decl":{"start":{"line":6,"column":9},"end":{"line":6,"column":13}},"loc":{"start":{"line":6,"column":22},"end":{"line":42,"column":1}},"line":6},"1":{"name":"(anonymous_1)","decl":{"start":{"line":10,"column":14},"end":{"line":10,"column":15}},"loc":{"start":{"line":10,"column":20},"end":{"line":12,"column":5}},"line":10},"2":{"name":"(anonymous_2)","decl":{"start":{"line":14,"column":21},"end":{"line":14,"column":22}},"loc":{"start":{"line":14,"column":33},"end":{"line":21,"column":5}},"line":14},"3":{"name":"(anonymous_3)","decl":{"start":{"line":31,"column":40},"end":{"line":31,"column":41}},"loc":{"start":{"line":32,"column":24},"end":{"line":34,"column":31}},"line":32}},"branchMap":{"0":{"loc":{"start":{"line":31,"column":21},"end":{"line":35,"column":22}},"type":"binary-expr","locations":[{"start":{"line":31,"column":21},"end":{"line":31,"column":26}},{"start":{"line":31,"column":30},"end":{"line":35,"column":22}}],"line":31}},"s":{"0":1,"1":1,"2":1,"3":1,"4":1,"5":1,"6":0,"7":0,"8":1,"9":0},"f":{"0":1,"1":1,"2":1,"3":0},"b":{"0":[1,1]},"_coverageSchema":"1a1c01bbd47fc00a2c39e90264f33305004495a9","hash":"1d1d026c8976f152f99e107c04dadbfd6afdb0b6"}
,"/config/workspace/jpeterson-dev/client/src/Components/Contact.js": {"path":"/config/workspace/jpeterson-dev/client/src/Components/Contact.js","statementMap":{"0":{"start":{"line":6,"column":22},"end":{"line":10,"column":2}},"1":{"start":{"line":14,"column":46},"end":{"line":14,"column":56}},"2":{"start":{"line":16,"column":30},"end":{"line":24,"column":5}},"3":{"start":{"line":17,"column":8},"end":{"line":23,"column":9}},"4":{"start":{"line":18,"column":29},"end":{"line":18,"column":78}},"5":{"start":{"line":19,"column":12},"end":{"line":19,"column":30}},"6":{"start":{"line":20,"column":12},"end":{"line":20,"column":43}},"7":{"start":{"line":22,"column":29},"end":{"line":22,"column":43}},"8":{"start":{"line":26,"column":4},"end":{"line":73,"column":6}},"9":{"start":{"line":36,"column":48},"end":{"line":36,"column":73}}},"fnMap":{"0":{"name":"Contact","decl":{"start":{"line":12,"column":9},"end":{"line":12,"column":16}},"loc":{"start":{"line":12,"column":24},"end":{"line":74,"column":1}},"line":12},"1":{"name":"(anonymous_1)","decl":{"start":{"line":16,"column":30},"end":{"line":16,"column":31}},"loc":{"start":{"line":16,"column":51},"end":{"line":24,"column":5}},"line":16},"2":{"name":"(anonymous_2)","decl":{"start":{"line":36,"column":38},"end":{"line":36,"column":39}},"loc":{"start":{"line":36,"column":48},"end":{"line":36,"column":73}},"line":36}},"branchMap":{},"s":{"0":1,"1":1,"2":1,"3":0,"4":0,"5":0,"6":0,"7":0,"8":1,"9":0},"f":{"0":1,"1":0,"2":0},"b":{},"_coverageSchema":"1a1c01bbd47fc00a2c39e90264f33305004495a9","hash":"c08ba655cea49b1a393a9fe4f717801041ff6055"}
,"/config/workspace/jpeterson-dev/client/src/Components/ContactList.js": {"path":"/config/workspace/jpeterson-dev/client/src/Components/ContactList.js","statementMap":{"0":{"start":{"line":5,"column":25},"end":{"line":5,"column":49}},"1":{"start":{"line":6,"column":36},"end":{"line":6,"column":48}},"2":{"start":{"line":7,"column":44},"end":{"line":7,"column":56}},"3":{"start":{"line":8,"column":50},"end":{"line":8,"column":60}},"4":{"start":{"line":9,"column":34},"end":{"line":9,"column":46}},"5":{"start":{"line":11,"column":4},"end":{"line":13,"column":11}},"6":{"start":{"line":12,"column":8},"end":{"line":12,"column":22}},"7":{"start":{"line":15,"column":24},"end":{"line":22,"column":5}},"8":{"start":{"line":16,"column":8},"end":{"line":21,"column":9}},"9":{"start":{"line":17,"column":29},"end":{"line":17,"column":82}},"10":{"start":{"line":18,"column":12},"end":{"line":18,"column":30}},"11":{"start":{"line":20,"column":12},"end":{"line":20,"column":29}},"12":{"start":{"line":24,"column":28},"end":{"line":32,"column":5}},"13":{"start":{"line":25,"column":8},"end":{"line":31,"column":9}},"14":{"start":{"line":26,"column":29},"end":{"line":26,"column":100}},"15":{"start":{"line":27,"column":12},"end":{"line":27,"column":29}},"16":{"start":{"line":28,"column":12},"end":{"line":28,"column":26}},"17":{"start":{"line":30,"column":12},"end":{"line":30,"column":29}},"18":{"start":{"line":34,"column":25},"end":{"line":43,"column":5}},"19":{"start":{"line":35,"column":8},"end":{"line":42,"column":9}},"20":{"start":{"line":36,"column":29},"end":{"line":36,"column":98}},"21":{"start":{"line":37,"column":12},"end":{"line":37,"column":29}},"22":{"start":{"line":38,"column":12},"end":{"line":38,"column":33}},"23":{"start":{"line":39,"column":12},"end":{"line":39,"column":26}},"24":{"start":{"line":41,"column":12},"end":{"line":41,"column":29}},"25":{"start":{"line":45,"column":34},"end":{"line":48,"column":5}},"26":{"start":{"line":46,"column":8},"end":{"line":46,"column":36}},"27":{"start":{"line":47,"column":8},"end":{"line":47,"column":31}},"28":{"start":{"line":50,"column":4},"end":{"line":124,"column":6}},"29":{"start":{"line":63,"column":40},"end":{"line":71,"column":45}},"30":{"start":{"line":67,"column":59},"end":{"line":67,"column":96}},"31":{"start":{"line":106,"column":92},"end":{"line":106,"column":128}},"32":{"start":{"line":107,"column":86},"end":{"line":107,"column":119}}},"fnMap":{"0":{"name":"ContactList","decl":{"start":{"line":4,"column":9},"end":{"line":4,"column":20}},"loc":{"start":{"line":4,"column":23},"end":{"line":125,"column":1}},"line":4},"1":{"name":"(anonymous_1)","decl":{"start":{"line":11,"column":14},"end":{"line":11,"column":15}},"loc":{"start":{"line":11,"column":20},"end":{"line":13,"column":5}},"line":11},"2":{"name":"(anonymous_2)","decl":{"start":{"line":15,"column":24},"end":{"line":15,"column":25}},"loc":{"start":{"line":15,"column":36},"end":{"line":22,"column":5}},"line":15},"3":{"name":"(anonymous_3)","decl":{"start":{"line":24,"column":28},"end":{"line":24,"column":29}},"loc":{"start":{"line":24,"column":42},"end":{"line":32,"column":5}},"line":24},"4":{"name":"(anonymous_4)","decl":{"start":{"line":34,"column":25},"end":{"line":34,"column":26}},"loc":{"start":{"line":34,"column":39},"end":{"line":43,"column":5}},"line":34},"5":{"name":"(anonymous_5)","decl":{"start":{"line":45,"column":34},"end":{"line":45,"column":35}},"loc":{"start":{"line":45,"column":54},"end":{"line":48,"column":5}},"line":45},"6":{"name":"(anonymous_6)","decl":{"start":{"line":62,"column":49},"end":{"line":62,"column":50}},"loc":{"start":{"line":63,"column":40},"end":{"line":71,"column":45}},"line":63},"7":{"name":"(anonymous_7)","decl":{"start":{"line":67,"column":53},"end":{"line":67,"column":54}},"loc":{"start":{"line":67,"column":59},"end":{"line":67,"column":96}},"line":67},"8":{"name":"(anonymous_8)","decl":{"start":{"line":106,"column":86},"end":{"line":106,"column":87}},"loc":{"start":{"line":106,"column":92},"end":{"line":106,"column":128}},"line":106},"9":{"name":"(anonymous_9)","decl":{"start":{"line":107,"column":80},"end":{"line":107,"column":81}},"loc":{"start":{"line":107,"column":86},"end":{"line":107,"column":119}},"line":107}},"branchMap":{"0":{"loc":{"start":{"line":61,"column":33},"end":{"line":72,"column":38}},"type":"binary-expr","locations":[{"start":{"line":61,"column":33},"end":{"line":61,"column":41}},{"start":{"line":62,"column":36},"end":{"line":72,"column":38}}],"line":61},"1":{"loc":{"start":{"line":65,"column":70},"end":{"line":65,"column":108}},"type":"cond-expr","locations":[{"start":{"line":65,"column":95},"end":{"line":65,"column":103}},{"start":{"line":65,"column":106},"end":{"line":65,"column":108}}],"line":65},"2":{"loc":{"start":{"line":78,"column":21},"end":{"line":119,"column":25}},"type":"cond-expr","locations":[{"start":{"line":79,"column":24},"end":{"line":113,"column":30}},{"start":{"line":115,"column":28},"end":{"line":118,"column":34}}],"line":78},"3":{"loc":{"start":{"line":103,"column":33},"end":{"line":103,"column":104}},"type":"cond-expr","locations":[{"start":{"line":103,"column":62},"end":{"line":103,"column":78}},{"start":{"line":103,"column":83},"end":{"line":103,"column":103}}],"line":103}},"s":{"0":0,"1":0,"2":0,"3":0,"4":0,"5":0,"6":0,"7":0,"8":0,"9":0,"10":0,"11":0,"12":0,"13":0,"14":0,"15":0,"16":0,"17":0,"18":0,"19":0,"20":0,"21":0,"22":0,"23":0,"24":0,"25":0,"26":0,"27":0,"28":0,"29":0,"30":0,"31":0,"32":0},"f":{"0":0,"1":0,"2":0,"3":0,"4":0,"5":0,"6":0,"7":0,"8":0,"9":0},"b":{"0":[0,0],"1":[0,0],"2":[0,0],"3":[0,0]},"_coverageSchema":"1a1c01bbd47fc00a2c39e90264f33305004495a9","hash":"db6ed47e6661fe20fdaa371f9a91fc14df1f678d"}
,"/config/workspace/jpeterson-dev/client/src/Components/Home.js": {"path":"/config/workspace/jpeterson-dev/client/src/Components/Home.js","statementMap":{"0":{"start":{"line":13,"column":22},"end":{"line":13,"column":45}},"1":{"start":{"line":15,"column":2},"end":{"line":17,"column":9}},"2":{"start":{"line":16,"column":4},"end":{"line":16,"column":26}},"3":{"start":{"line":19,"column":2},"end":{"line":56,"column":3}}},"fnMap":{"0":{"name":"Home","decl":{"start":{"line":12,"column":9},"end":{"line":12,"column":13}},"loc":{"start":{"line":12,"column":16},"end":{"line":57,"column":1}},"line":12},"1":{"name":"(anonymous_1)","decl":{"start":{"line":15,"column":12},"end":{"line":15,"column":13}},"loc":{"start":{"line":15,"column":18},"end":{"line":17,"column":3}},"line":15}},"branchMap":{},"s":{"0":1,"1":1,"2":1,"3":1},"f":{"0":1,"1":1},"b":{},"_coverageSchema":"1a1c01bbd47fc00a2c39e90264f33305004495a9","hash":"7bbc6e578ee2c01457ee6174a576a2f8b4406ae7"}
,"/config/workspace/jpeterson-dev/client/src/Components/Landing.js": {"path":"/config/workspace/jpeterson-dev/client/src/Components/Landing.js","statementMap":{"0":{"start":{"line":4,"column":2},"end":{"line":223,"column":4}}},"fnMap":{"0":{"name":"Landing","decl":{"start":{"line":3,"column":9},"end":{"line":3,"column":16}},"loc":{"start":{"line":3,"column":24},"end":{"line":224,"column":1}},"line":3}},"branchMap":{},"s":{"0":1},"f":{"0":1},"b":{},"_coverageSchema":"1a1c01bbd47fc00a2c39e90264f33305004495a9","hash":"96610b165dee0d8efe9d33be2d9fb71827513a7d"}
,"/config/workspace/jpeterson-dev/client/src/Components/Login.js": {"path":"/config/workspace/jpeterson-dev/client/src/Components/Login.js","statementMap":{"0":{"start":{"line":9,"column":20},"end":{"line":12,"column":2}},"1":{"start":{"line":16,"column":24},"end":{"line":16,"column":47}},"2":{"start":{"line":17,"column":46},"end":{"line":17,"column":61}},"3":{"start":{"line":18,"column":62},"end":{"line":18,"column":72}},"4":{"start":{"line":20,"column":24},"end":{"line":20,"column":47}},"5":{"start":{"line":22,"column":4},"end":{"line":24,"column":11}},"6":{"start":{"line":23,"column":6},"end":{"line":23,"column":32}},"7":{"start":{"line":26,"column":30},"end":{"line":45,"column":5}},"8":{"start":{"line":27,"column":8},"end":{"line":44,"column":9}},"9":{"start":{"line":28,"column":29},"end":{"line":28,"column":80}},"10":{"start":{"line":29,"column":12},"end":{"line":29,"column":43}},"11":{"start":{"line":30,"column":12},"end":{"line":30,"column":35}},"12":{"start":{"line":32,"column":29},"end":{"line":32,"column":43}},"13":{"start":{"line":33,"column":12},"end":{"line":43,"column":13}},"14":{"start":{"line":34,"column":16},"end":{"line":34,"column":63}},"15":{"start":{"line":35,"column":39},"end":{"line":35,"column":69}},"16":{"start":{"line":36,"column":16},"end":{"line":42,"column":17}},"17":{"start":{"line":37,"column":20},"end":{"line":37,"column":59}},"18":{"start":{"line":39,"column":20},"end":{"line":39,"column":56}},"19":{"start":{"line":40,"column":37},"end":{"line":40,"column":97}},"20":{"start":{"line":41,"column":20},"end":{"line":41,"column":58}},"21":{"start":{"line":47,"column":4},"end":{"line":88,"column":6}},"22":{"start":{"line":52,"column":36},"end":{"line":52,"column":61}}},"fnMap":{"0":{"name":"Login","decl":{"start":{"line":14,"column":9},"end":{"line":14,"column":14}},"loc":{"start":{"line":14,"column":17},"end":{"line":89,"column":1}},"line":14},"1":{"name":"(anonymous_1)","decl":{"start":{"line":22,"column":14},"end":{"line":22,"column":15}},"loc":{"start":{"line":22,"column":20},"end":{"line":24,"column":5}},"line":22},"2":{"name":"(anonymous_2)","decl":{"start":{"line":26,"column":30},"end":{"line":26,"column":31}},"loc":{"start":{"line":26,"column":51},"end":{"line":45,"column":5}},"line":26},"3":{"name":"(anonymous_3)","decl":{"start":{"line":52,"column":26},"end":{"line":52,"column":27}},"loc":{"start":{"line":52,"column":36},"end":{"line":52,"column":61}},"line":52}},"branchMap":{"0":{"loc":{"start":{"line":33,"column":12},"end":{"line":43,"column":13}},"type":"if","locations":[{"start":{"line":33,"column":12},"end":{"line":43,"column":13}},{"start":{"line":33,"column":12},"end":{"line":43,"column":13}}],"line":33},"1":{"loc":{"start":{"line":36,"column":16},"end":{"line":42,"column":17}},"type":"if","locations":[{"start":{"line":36,"column":16},"end":{"line":42,"column":17}},{"start":{"line":36,"column":16},"end":{"line":42,"column":17}}],"line":36},"2":{"loc":{"start":{"line":36,"column":20},"end":{"line":36,"column":68}},"type":"binary-expr","locations":[{"start":{"line":36,"column":20},"end":{"line":36,"column":43}},{"start":{"line":36,"column":47},"end":{"line":36,"column":68}}],"line":36},"3":{"loc":{"start":{"line":49,"column":13},"end":{"line":49,"column":56}},"type":"binary-expr","locations":[{"start":{"line":49,"column":13},"end":{"line":49,"column":26}},{"start":{"line":49,"column":30},"end":{"line":49,"column":56}}],"line":49}},"s":{"0":1,"1":0,"2":0,"3":0,"4":0,"5":0,"6":0,"7":0,"8":0,"9":0,"10":0,"11":0,"12":0,"13":0,"14":0,"15":0,"16":0,"17":0,"18":0,"19":0,"20":0,"21":0,"22":0},"f":{"0":0,"1":0,"2":0,"3":0},"b":{"0":[0,0],"1":[0,0],"2":[0,0],"3":[0,0]},"_coverageSchema":"1a1c01bbd47fc00a2c39e90264f33305004495a9","hash":"9a4c7fd7cecff4402f602d8fb7c5a2411e067f92"}
,"/config/workspace/jpeterson-dev/client/src/Components/Navbar.js": {"path":"/config/workspace/jpeterson-dev/client/src/Components/Navbar.js","statementMap":{"0":{"start":{"line":10,"column":24},"end":{"line":10,"column":47}},"1":{"start":{"line":11,"column":24},"end":{"line":11,"column":47}},"2":{"start":{"line":13,"column":18},"end":{"line":15,"column":5}},"3":{"start":{"line":14,"column":8},"end":{"line":14,"column":29}},"4":{"start":{"line":17,"column":4},"end":{"line":100,"column":6}}},"fnMap":{"0":{"name":"Navbar","decl":{"start":{"line":9,"column":9},"end":{"line":9,"column":15}},"loc":{"start":{"line":9,"column":18},"end":{"line":101,"column":1}},"line":9},"1":{"name":"(anonymous_1)","decl":{"start":{"line":13,"column":18},"end":{"line":13,"column":19}},"loc":{"start":{"line":13,"column":24},"end":{"line":15,"column":5}},"line":13}},"branchMap":{"0":{"loc":{"start":{"line":27,"column":17},"end":{"line":80,"column":24}},"type":"cond-expr","locations":[{"start":{"line":28,"column":20},"end":{"line":79,"column":26}},{"start":{"line":80,"column":21},"end":{"line":80,"column":23}}],"line":27},"1":{"loc":{"start":{"line":86,"column":21},"end":{"line":95,"column":32}},"type":"cond-expr","locations":[{"start":{"line":87,"column":24},"end":{"line":94,"column":30}},{"start":{"line":95,"column":29},"end":{"line":95,"column":31}}],"line":86}},"s":{"0":1,"1":1,"2":1,"3":0,"4":1},"f":{"0":1,"1":0},"b":{"0":[1,0],"1":[0,1]},"_coverageSchema":"1a1c01bbd47fc00a2c39e90264f33305004495a9","hash":"4e842d493576cdfad7c5419a74195fde35bb06d2"}
,"/config/workspace/jpeterson-dev/client/src/Components/Portfolio.js": {"path":"/config/workspace/jpeterson-dev/client/src/Components/Portfolio.js","statementMap":{"0":{"start":{"line":7,"column":19},"end":{"line":17,"column":3}},"1":{"start":{"line":8,"column":16},"end":{"line":8,"column":48}},"2":{"start":{"line":9,"column":21},"end":{"line":9,"column":53}},"3":{"start":{"line":10,"column":24},"end":{"line":10,"column":58}},"4":{"start":{"line":11,"column":18},"end":{"line":11,"column":52}},"5":{"start":{"line":12,"column":31},"end":{"line":12,"column":85}},"6":{"start":{"line":13,"column":4},"end":{"line":13,"column":48}},"7":{"start":{"line":14,"column":4},"end":{"line":14,"column":34}},"8":{"start":{"line":15,"column":4},"end":{"line":15,"column":27}},"9":{"start":{"line":16,"column":4},"end":{"line":16,"column":36}},"10":{"start":{"line":20,"column":21},"end":{"line":26,"column":3}},"11":{"start":{"line":21,"column":17},"end":{"line":21,"column":60}},"12":{"start":{"line":22,"column":18},"end":{"line":22,"column":52}},"13":{"start":{"line":23,"column":31},"end":{"line":23,"column":85}},"14":{"start":{"line":24,"column":4},"end":{"line":24,"column":44}},"15":{"start":{"line":25,"column":4},"end":{"line":25,"column":33}},"16":{"start":{"line":28,"column":2},"end":{"line":165,"column":4}}},"fnMap":{"0":{"name":"Portfolio","decl":{"start":{"line":5,"column":9},"end":{"line":5,"column":18}},"loc":{"start":{"line":5,"column":26},"end":{"line":166,"column":1}},"line":5},"1":{"name":"(anonymous_1)","decl":{"start":{"line":7,"column":19},"end":{"line":7,"column":20}},"loc":{"start":{"line":7,"column":25},"end":{"line":17,"column":3}},"line":7},"2":{"name":"(anonymous_2)","decl":{"start":{"line":20,"column":21},"end":{"line":20,"column":22}},"loc":{"start":{"line":20,"column":27},"end":{"line":26,"column":3}},"line":20}},"branchMap":{},"s":{"0":1,"1":0,"2":0,"3":0,"4":0,"5":0,"6":0,"7":0,"8":0,"9":0,"10":1,"11":0,"12":0,"13":0,"14":0,"15":0,"16":1},"f":{"0":1,"1":0,"2":0},"b":{},"_coverageSchema":"1a1c01bbd47fc00a2c39e90264f33305004495a9","hash":"c023c6108a18e3c77ba05ca55653981cc2ed8de1"}
,"/config/workspace/jpeterson-dev/client/src/Components/Post.js": {"path":"/config/workspace/jpeterson-dev/client/src/Components/Post.js","statementMap":{"0":{"start":{"line":11,"column":25},"end":{"line":11,"column":49}},"1":{"start":{"line":12,"column":24},"end":{"line":12,"column":47}},"2":{"start":{"line":13,"column":23},"end":{"line":13,"column":34}},"3":{"start":{"line":14,"column":28},"end":{"line":14,"column":38}},"4":{"start":{"line":15,"column":30},"end":{"line":15,"column":40}},"5":{"start":{"line":17,"column":4},"end":{"line":20,"column":11}},"6":{"start":{"line":18,"column":8},"end":{"line":18,"column":18}},"7":{"start":{"line":19,"column":8},"end":{"line":19,"column":34}},"8":{"start":{"line":22,"column":20},"end":{"line":30,"column":5}},"9":{"start":{"line":23,"column":8},"end":{"line":29,"column":9}},"10":{"start":{"line":24,"column":29},"end":{"line":24,"column":87}},"11":{"start":{"line":25,"column":12},"end":{"line":25,"column":26}},"12":{"start":{"line":26,"column":12},"end":{"line":26,"column":36}},"13":{"start":{"line":28,"column":12},"end":{"line":28,"column":29}},"14":{"start":{"line":32,"column":21},"end":{"line":39,"column":5}},"15":{"start":{"line":33,"column":8},"end":{"line":38,"column":9}},"16":{"start":{"line":34,"column":29},"end":{"line":34,"column":90}},"17":{"start":{"line":35,"column":12},"end":{"line":35,"column":26}},"18":{"start":{"line":37,"column":12},"end":{"line":37,"column":29}},"19":{"start":{"line":41,"column":4},"end":{"line":62,"column":5}}},"fnMap":{"0":{"name":"Post","decl":{"start":{"line":10,"column":9},"end":{"line":10,"column":13}},"loc":{"start":{"line":10,"column":21},"end":{"line":63,"column":1}},"line":10},"1":{"name":"(anonymous_1)","decl":{"start":{"line":17,"column":14},"end":{"line":17,"column":15}},"loc":{"start":{"line":17,"column":20},"end":{"line":20,"column":5}},"line":17},"2":{"name":"(anonymous_2)","decl":{"start":{"line":22,"column":20},"end":{"line":22,"column":21}},"loc":{"start":{"line":22,"column":32},"end":{"line":30,"column":5}},"line":22},"3":{"name":"(anonymous_3)","decl":{"start":{"line":32,"column":21},"end":{"line":32,"column":22}},"loc":{"start":{"line":32,"column":40},"end":{"line":39,"column":5}},"line":32}},"branchMap":{"0":{"loc":{"start":{"line":46,"column":25},"end":{"line":46,"column":47}},"type":"binary-expr","locations":[{"start":{"line":46,"column":25},"end":{"line":46,"column":29}},{"start":{"line":46,"column":33},"end":{"line":46,"column":47}}],"line":46},"1":{"loc":{"start":{"line":47,"column":25},"end":{"line":47,"column":83}},"type":"binary-expr","locations":[{"start":{"line":47,"column":25},"end":{"line":47,"column":29}},{"start":{"line":47,"column":33},"end":{"line":47,"column":83}}],"line":47},"2":{"loc":{"start":{"line":48,"column":21},"end":{"line":48,"column":51}},"type":"binary-expr","locations":[{"start":{"line":48,"column":21},"end":{"line":48,"column":25}},{"start":{"line":48,"column":29},"end":{"line":48,"column":51}}],"line":48},"3":{"loc":{"start":{"line":55,"column":21},"end":{"line":55,"column":85}},"type":"binary-expr","locations":[{"start":{"line":55,"column":21},"end":{"line":55,"column":26}},{"start":{"line":55,"column":30},"end":{"line":55,"column":85}}],"line":55},"4":{"loc":{"start":{"line":56,"column":21},"end":{"line":56,"column":144}},"type":"binary-expr","locations":[{"start":{"line":56,"column":21},"end":{"line":56,"column":25}},{"start":{"line":56,"column":29},"end":{"line":56,"column":144}}],"line":56}},"s":{"0":0,"1":0,"2":0,"3":0,"4":0,"5":0,"6":0,"7":0,"8":0,"9":0,"10":0,"11":0,"12":0,"13":0,"14":0,"15":0,"16":0,"17":0,"18":0,"19":0},"f":{"0":0,"1":0,"2":0,"3":0},"b":{"0":[0,0],"1":[0,0],"2":[0,0],"3":[0,0],"4":[0,0]},"_coverageSchema":"1a1c01bbd47fc00a2c39e90264f33305004495a9","hash":"290a5cf21b58ba96271caefbfa46b4a440e544a5"}
,"/config/workspace/jpeterson-dev/client/src/Components/PostEditor.js": {"path":"/config/workspace/jpeterson-dev/client/src/Components/PostEditor.js","statementMap":{"0":{"start":{"line":7,"column":42},"end":{"line":9,"column":5}},"1":{"start":{"line":8,"column":14},"end":{"line":8,"column":39}},"2":{"start":{"line":10,"column":51},"end":{"line":10,"column":61}},"3":{"start":{"line":11,"column":50},"end":{"line":11,"column":60}},"4":{"start":{"line":13,"column":24},"end":{"line":15,"column":5}},"5":{"start":{"line":14,"column":8},"end":{"line":14,"column":74}},"6":{"start":{"line":17,"column":25},"end":{"line":19,"column":5}},"7":{"start":{"line":18,"column":8},"end":{"line":18,"column":56}},"8":{"start":{"line":21,"column":4},"end":{"line":35,"column":5}}},"fnMap":{"0":{"name":"PostEditor","decl":{"start":{"line":6,"column":9},"end":{"line":6,"column":19}},"loc":{"start":{"line":6,"column":22},"end":{"line":36,"column":1}},"line":6},"1":{"name":"(anonymous_1)","decl":{"start":{"line":8,"column":8},"end":{"line":8,"column":9}},"loc":{"start":{"line":8,"column":14},"end":{"line":8,"column":39}},"line":8},"2":{"name":"(anonymous_2)","decl":{"start":{"line":13,"column":24},"end":{"line":13,"column":25}},"loc":{"start":{"line":13,"column":30},"end":{"line":15,"column":5}},"line":13},"3":{"name":"(anonymous_3)","decl":{"start":{"line":17,"column":25},"end":{"line":17,"column":26}},"loc":{"start":{"line":17,"column":31},"end":{"line":19,"column":5}},"line":17}},"branchMap":{},"s":{"0":0,"1":0,"2":0,"3":0,"4":0,"5":0,"6":0,"7":0,"8":0},"f":{"0":0,"1":0,"2":0,"3":0},"b":{}}
,"/config/workspace/jpeterson-dev/client/src/Components/PostList.js": {"path":"/config/workspace/jpeterson-dev/client/src/Components/PostList.js","statementMap":{"0":{"start":{"line":8,"column":25},"end":{"line":8,"column":49}},"1":{"start":{"line":9,"column":30},"end":{"line":9,"column":42}},"2":{"start":{"line":10,"column":44},"end":{"line":10,"column":56}},"3":{"start":{"line":11,"column":44},"end":{"line":11,"column":54}},"4":{"start":{"line":12,"column":34},"end":{"line":12,"column":46}},"5":{"start":{"line":13,"column":42},"end":{"line":15,"column":5}},"6":{"start":{"line":14,"column":14},"end":{"line":14,"column":39}},"7":{"start":{"line":17,"column":4},"end":{"line":19,"column":11}},"8":{"start":{"line":18,"column":8},"end":{"line":18,"column":19}},"9":{"start":{"line":21,"column":21},"end":{"line":28,"column":5}},"10":{"start":{"line":22,"column":8},"end":{"line":27,"column":9}},"11":{"start":{"line":23,"column":29},"end":{"line":23,"column":82}},"12":{"start":{"line":24,"column":12},"end":{"line":24,"column":27}},"13":{"start":{"line":26,"column":12},"end":{"line":26,"column":28}},"14":{"start":{"line":30,"column":25},"end":{"line":38,"column":5}},"15":{"start":{"line":31,"column":8},"end":{"line":37,"column":9}},"16":{"start":{"line":32,"column":29},"end":{"line":32,"column":108}},"17":{"start":{"line":33,"column":12},"end":{"line":33,"column":37}},"18":{"start":{"line":34,"column":12},"end":{"line":34,"column":23}},"19":{"start":{"line":36,"column":12},"end":{"line":36,"column":29}},"20":{"start":{"line":40,"column":25},"end":{"line":49,"column":5}},"21":{"start":{"line":41,"column":8},"end":{"line":48,"column":9}},"22":{"start":{"line":42,"column":29},"end":{"line":42,"column":95}},"23":{"start":{"line":43,"column":12},"end":{"line":43,"column":37}},"24":{"start":{"line":44,"column":12},"end":{"line":44,"column":30}},"25":{"start":{"line":45,"column":12},"end":{"line":45,"column":23}},"26":{"start":{"line":47,"column":12},"end":{"line":47,"column":29}},"27":{"start":{"line":51,"column":31},"end":{"line":57,"column":5}},"28":{"start":{"line":52,"column":20},"end":{"line":52,"column":57}},"29":{"start":{"line":53,"column":8},"end":{"line":53,"column":29}},"30":{"start":{"line":54,"column":8},"end":{"line":54,"column":22}},"31":{"start":{"line":55,"column":8},"end":{"line":55,"column":98}},"32":{"start":{"line":55,"column":29},"end":{"line":55,"column":97}},"33":{"start":{"line":56,"column":8},"end":{"line":56,"column":31}},"34":{"start":{"line":59,"column":30},"end":{"line":62,"column":5}},"35":{"start":{"line":60,"column":32},"end":{"line":60,"column":40}},"36":{"start":{"line":61,"column":8},"end":{"line":61,"column":60}},"37":{"start":{"line":64,"column":24},"end":{"line":69,"column":5}},"38":{"start":{"line":65,"column":8},"end":{"line":68,"column":10}},"39":{"start":{"line":66,"column":28},"end":{"line":66,"column":113}},"40":{"start":{"line":67,"column":12},"end":{"line":67,"column":26}},"41":{"start":{"line":71,"column":4},"end":{"line":145,"column":6}},"42":{"start":{"line":84,"column":44},"end":{"line":92,"column":49}},"43":{"start":{"line":88,"column":63},"end":{"line":88,"column":94}},"44":{"start":{"line":127,"column":100},"end":{"line":127,"column":130}},"45":{"start":{"line":128,"column":94},"end":{"line":128,"column":124}}},"fnMap":{"0":{"name":"PostList","decl":{"start":{"line":7,"column":9},"end":{"line":7,"column":17}},"loc":{"start":{"line":7,"column":20},"end":{"line":146,"column":1}},"line":7},"1":{"name":"(anonymous_1)","decl":{"start":{"line":14,"column":8},"end":{"line":14,"column":9}},"loc":{"start":{"line":14,"column":14},"end":{"line":14,"column":39}},"line":14},"2":{"name":"(anonymous_2)","decl":{"start":{"line":17,"column":14},"end":{"line":17,"column":15}},"loc":{"start":{"line":17,"column":20},"end":{"line":19,"column":5}},"line":17},"3":{"name":"(anonymous_3)","decl":{"start":{"line":21,"column":21},"end":{"line":21,"column":22}},"loc":{"start":{"line":21,"column":33},"end":{"line":28,"column":5}},"line":21},"4":{"name":"(anonymous_4)","decl":{"start":{"line":30,"column":25},"end":{"line":30,"column":26}},"loc":{"start":{"line":30,"column":39},"end":{"line":38,"column":5}},"line":30},"5":{"name":"(anonymous_5)","decl":{"start":{"line":40,"column":25},"end":{"line":40,"column":26}},"loc":{"start":{"line":40,"column":39},"end":{"line":49,"column":5}},"line":40},"6":{"name":"(anonymous_6)","decl":{"start":{"line":51,"column":31},"end":{"line":51,"column":32}},"loc":{"start":{"line":51,"column":48},"end":{"line":57,"column":5}},"line":51},"7":{"name":"(anonymous_7)","decl":{"start":{"line":55,"column":23},"end":{"line":55,"column":24}},"loc":{"start":{"line":55,"column":29},"end":{"line":55,"column":97}},"line":55},"8":{"name":"(anonymous_8)","decl":{"start":{"line":59,"column":30},"end":{"line":59,"column":31}},"loc":{"start":{"line":59,"column":37},"end":{"line":62,"column":5}},"line":59},"9":{"name":"(anonymous_9)","decl":{"start":{"line":64,"column":24},"end":{"line":64,"column":25}},"loc":{"start":{"line":64,"column":30},"end":{"line":69,"column":5}},"line":64},"10":{"name":"(anonymous_10)","decl":{"start":{"line":65,"column":24},"end":{"line":65,"column":25}},"loc":{"start":{"line":65,"column":37},"end":{"line":68,"column":9}},"line":65},"11":{"name":"(anonymous_11)","decl":{"start":{"line":83,"column":50},"end":{"line":83,"column":51}},"loc":{"start":{"line":84,"column":44},"end":{"line":92,"column":49}},"line":84},"12":{"name":"(anonymous_12)","decl":{"start":{"line":88,"column":57},"end":{"line":88,"column":58}},"loc":{"start":{"line":88,"column":63},"end":{"line":88,"column":94}},"line":88},"13":{"name":"(anonymous_13)","decl":{"start":{"line":127,"column":94},"end":{"line":127,"column":95}},"loc":{"start":{"line":127,"column":100},"end":{"line":127,"column":130}},"line":127},"14":{"name":"(anonymous_14)","decl":{"start":{"line":128,"column":88},"end":{"line":128,"column":89}},"loc":{"start":{"line":128,"column":94},"end":{"line":128,"column":124}},"line":128}},"branchMap":{"0":{"loc":{"start":{"line":82,"column":37},"end":{"line":93,"column":42}},"type":"binary-expr","locations":[{"start":{"line":82,"column":37},"end":{"line":82,"column":42}},{"start":{"line":83,"column":40},"end":{"line":93,"column":42}}],"line":82},"1":{"loc":{"start":{"line":86,"column":74},"end":{"line":86,"column":112}},"type":"cond-expr","locations":[{"start":{"line":86,"column":99},"end":{"line":86,"column":107}},{"start":{"line":86,"column":110},"end":{"line":86,"column":112}}],"line":86},"2":{"loc":{"start":{"line":99,"column":25},"end":{"line":140,"column":29}},"type":"cond-expr","locations":[{"start":{"line":100,"column":28},"end":{"line":134,"column":34}},{"start":{"line":136,"column":32},"end":{"line":139,"column":38}}],"line":99}},"s":{"0":0,"1":0,"2":0,"3":0,"4":0,"5":0,"6":0,"7":0,"8":0,"9":0,"10":0,"11":0,"12":0,"13":0,"14":0,"15":0,"16":0,"17":0,"18":0,"19":0,"20":0,"21":0,"22":0,"23":0,"24":0,"25":0,"26":0,"27":0,"28":0,"29":0,"30":0,"31":0,"32":0,"33":0,"34":0,"35":0,"36":0,"37":0,"38":0,"39":0,"40":0,"41":0,"42":0,"43":0,"44":0,"45":0},"f":{"0":0,"1":0,"2":0,"3":0,"4":0,"5":0,"6":0,"7":0,"8":0,"9":0,"10":0,"11":0,"12":0,"13":0,"14":0},"b":{"0":[0,0],"1":[0,0],"2":[0,0]},"_coverageSchema":"1a1c01bbd47fc00a2c39e90264f33305004495a9","hash":"0fb341ffcf5d477fe8a75bdcd00f8c8e729ce549"}
,"/config/workspace/jpeterson-dev/client/src/Components/PostTile.js": {"path":"/config/workspace/jpeterson-dev/client/src/Components/PostTile.js","statementMap":{"0":{"start":{"line":5,"column":30},"end":{"line":5,"column":40}},"1":{"start":{"line":6,"column":4},"end":{"line":8,"column":11}},"2":{"start":{"line":7,"column":8},"end":{"line":7,"column":19}},"3":{"start":{"line":10,"column":21},"end":{"line":17,"column":5}},"4":{"start":{"line":11,"column":8},"end":{"line":16,"column":9}},"5":{"start":{"line":12,"column":29},"end":{"line":12,"column":98}},"6":{"start":{"line":13,"column":12},"end":{"line":13,"column":26}},"7":{"start":{"line":15,"column":12},"end":{"line":15,"column":29}},"8":{"start":{"line":19,"column":4},"end":{"line":28,"column":5}}},"fnMap":{"0":{"name":"PostTile","decl":{"start":{"line":4,"column":9},"end":{"line":4,"column":17}},"loc":{"start":{"line":4,"column":25},"end":{"line":29,"column":1}},"line":4},"1":{"name":"(anonymous_1)","decl":{"start":{"line":6,"column":14},"end":{"line":6,"column":15}},"loc":{"start":{"line":6,"column":20},"end":{"line":8,"column":5}},"line":6},"2":{"name":"(anonymous_2)","decl":{"start":{"line":10,"column":21},"end":{"line":10,"column":22}},"loc":{"start":{"line":10,"column":33},"end":{"line":17,"column":5}},"line":10}},"branchMap":{"0":{"loc":{"start":{"line":25,"column":13},"end":{"line":25,"column":78}},"type":"binary-expr","locations":[{"start":{"line":25,"column":13},"end":{"line":25,"column":18}},{"start":{"line":25,"column":22},"end":{"line":25,"column":78}}],"line":25}},"s":{"0":0,"1":0,"2":0,"3":0,"4":0,"5":0,"6":0,"7":0,"8":0},"f":{"0":0,"1":0,"2":0},"b":{"0":[0,0]},"_coverageSchema":"1a1c01bbd47fc00a2c39e90264f33305004495a9","hash":"dee41869b0335ac4981942405b6c3772ea943e05"}
,"/config/workspace/jpeterson-dev/client/src/Components/Private.js": {"path":"/config/workspace/jpeterson-dev/client/src/Components/Private.js","statementMap":{"0":{"start":{"line":8,"column":24},"end":{"line":8,"column":47}},"1":{"start":{"line":10,"column":4},"end":{"line":12,"column":11}},"2":{"start":{"line":11,"column":6},"end":{"line":11,"column":32}},"3":{"start":{"line":14,"column":4},"end":{"line":20,"column":5}}},"fnMap":{"0":{"name":"Private","decl":{"start":{"line":7,"column":9},"end":{"line":7,"column":16}},"loc":{"start":{"line":7,"column":19},"end":{"line":21,"column":1}},"line":7},"1":{"name":"(anonymous_1)","decl":{"start":{"line":10,"column":14},"end":{"line":10,"column":15}},"loc":{"start":{"line":10,"column":20},"end":{"line":12,"column":5}},"line":10}},"branchMap":{},"s":{"0":0,"1":0,"2":0,"3":0},"f":{"0":0,"1":0},"b":{},"_coverageSchema":"1a1c01bbd47fc00a2c39e90264f33305004495a9","hash":"e917c43389f8abf918dcb327d760e5a2767e3a29"}
,"/config/workspace/jpeterson-dev/client/src/Components/Public.js": {"path":"/config/workspace/jpeterson-dev/client/src/Components/Public.js","statementMap":{"0":{"start":{"line":5,"column":2},"end":{"line":9,"column":3}}},"fnMap":{"0":{"name":"Public","decl":{"start":{"line":4,"column":9},"end":{"line":4,"column":15}},"loc":{"start":{"line":4,"column":18},"end":{"line":10,"column":1}},"line":4}},"branchMap":{},"s":{"0":0},"f":{"0":0},"b":{}}
,"/config/workspace/jpeterson-dev/client/src/context/AuthContext.js": {"path":"/config/workspace/jpeterson-dev/client/src/context/AuthContext.js","statementMap":{"0":{"start":{"line":4,"column":20},"end":{"line":4,"column":35}},"1":{"start":{"line":5,"column":21},"end":{"line":5,"column":32}},"2":{"start":{"line":7,"column":21},"end":{"line":67,"column":1}},"3":{"start":{"line":8,"column":18},"end":{"line":8,"column":30}},"4":{"start":{"line":9,"column":19},"end":{"line":9,"column":51}},"5":{"start":{"line":10,"column":26},"end":{"line":10,"column":65}},"6":{"start":{"line":12,"column":37},"end":{"line":16,"column":4}},"7":{"start":{"line":18,"column":22},"end":{"line":27,"column":3}},"8":{"start":{"line":19,"column":4},"end":{"line":19,"column":63}},"9":{"start":{"line":20,"column":4},"end":{"line":20,"column":61}},"10":{"start":{"line":22,"column":4},"end":{"line":26,"column":6}},"11":{"start":{"line":29,"column":17},"end":{"line":40,"column":3}},"12":{"start":{"line":30,"column":4},"end":{"line":30,"column":40}},"13":{"start":{"line":31,"column":4},"end":{"line":31,"column":47}},"14":{"start":{"line":33,"column":4},"end":{"line":37,"column":6}},"15":{"start":{"line":39,"column":4},"end":{"line":39,"column":22}},"16":{"start":{"line":42,"column":18},"end":{"line":44,"column":3}},"17":{"start":{"line":43,"column":4},"end":{"line":43,"column":47}},"18":{"start":{"line":47,"column":26},"end":{"line":52,"column":3}},"19":{"start":{"line":48,"column":4},"end":{"line":50,"column":5}},"20":{"start":{"line":49,"column":6},"end":{"line":49,"column":19}},"21":{"start":{"line":51,"column":4},"end":{"line":51,"column":66}},"22":{"start":{"line":54,"column":2},"end":{"line":66,"column":4}},"23":{"start":{"line":58,"column":34},"end":{"line":58,"column":55}}},"fnMap":{"0":{"name":"(anonymous_0)","decl":{"start":{"line":7,"column":21},"end":{"line":7,"column":22}},"loc":{"start":{"line":7,"column":39},"end":{"line":67,"column":1}},"line":7},"1":{"name":"(anonymous_1)","decl":{"start":{"line":18,"column":22},"end":{"line":18,"column":23}},"loc":{"start":{"line":18,"column":64},"end":{"line":27,"column":3}},"line":18},"2":{"name":"(anonymous_2)","decl":{"start":{"line":29,"column":17},"end":{"line":29,"column":18}},"loc":{"start":{"line":29,"column":23},"end":{"line":40,"column":3}},"line":29},"3":{"name":"(anonymous_3)","decl":{"start":{"line":42,"column":18},"end":{"line":42,"column":19}},"loc":{"start":{"line":42,"column":24},"end":{"line":44,"column":3}},"line":42},"4":{"name":"(anonymous_4)","decl":{"start":{"line":47,"column":26},"end":{"line":47,"column":27}},"loc":{"start":{"line":47,"column":32},"end":{"line":52,"column":3}},"line":47},"5":{"name":"(anonymous_5)","decl":{"start":{"line":58,"column":22},"end":{"line":58,"column":23}},"loc":{"start":{"line":58,"column":34},"end":{"line":58,"column":55}},"line":58}},"branchMap":{"0":{"loc":{"start":{"line":15,"column":14},"end":{"line":15,"column":50}},"type":"cond-expr","locations":[{"start":{"line":15,"column":25},"end":{"line":15,"column":45}},{"start":{"line":15,"column":48},"end":{"line":15,"column":50}}],"line":15},"1":{"loc":{"start":{"line":48,"column":4},"end":{"line":50,"column":5}},"type":"if","locations":[{"start":{"line":48,"column":4},"end":{"line":50,"column":5}},{"start":{"line":48,"column":4},"end":{"line":50,"column":5}}],"line":48}},"s":{"0":1,"1":1,"2":1,"3":1,"4":1,"5":1,"6":1,"7":1,"8":0,"9":0,"10":0,"11":1,"12":0,"13":0,"14":0,"15":0,"16":1,"17":0,"18":1,"19":1,"20":1,"21":0,"22":1,"23":0},"f":{"0":1,"1":0,"2":0,"3":0,"4":1,"5":0},"b":{"0":[0,1],"1":[1,0]},"_coverageSchema":"1a1c01bbd47fc00a2c39e90264f33305004495a9","hash":"1b7b4bf2a6ec4aed329380ff7bcd3e0afd53fa66"}
,"/config/workspace/jpeterson-dev/client/src/context/AxiosContext.js": {"path":"/config/workspace/jpeterson-dev/client/src/context/AxiosContext.js","statementMap":{"0":{"start":{"line":4,"column":21},"end":{"line":4,"column":36}},"1":{"start":{"line":5,"column":21},"end":{"line":5,"column":33}},"2":{"start":{"line":7,"column":22},"end":{"line":30,"column":1}},"3":{"start":{"line":8,"column":20},"end":{"line":10,"column":4}},"4":{"start":{"line":12,"column":2},"end":{"line":19,"column":9}},"5":{"start":{"line":13,"column":25},"end":{"line":16,"column":5}},"6":{"start":{"line":14,"column":23},"end":{"line":14,"column":57}},"7":{"start":{"line":15,"column":6},"end":{"line":15,"column":66}},"8":{"start":{"line":18,"column":4},"end":{"line":18,"column":19}},"9":{"start":{"line":21,"column":2},"end":{"line":29,"column":4}}},"fnMap":{"0":{"name":"(anonymous_0)","decl":{"start":{"line":7,"column":22},"end":{"line":7,"column":23}},"loc":{"start":{"line":7,"column":40},"end":{"line":30,"column":1}},"line":7},"1":{"name":"(anonymous_1)","decl":{"start":{"line":12,"column":12},"end":{"line":12,"column":13}},"loc":{"start":{"line":12,"column":18},"end":{"line":19,"column":3}},"line":12},"2":{"name":"(anonymous_2)","decl":{"start":{"line":13,"column":25},"end":{"line":13,"column":26}},"loc":{"start":{"line":13,"column":37},"end":{"line":16,"column":5}},"line":13}},"branchMap":{},"s":{"0":1,"1":1,"2":1,"3":1,"4":1,"5":1,"6":1,"7":0,"8":1,"9":1},"f":{"0":1,"1":1,"2":1},"b":{},"_coverageSchema":"1a1c01bbd47fc00a2c39e90264f33305004495a9","hash":"8de35f4ec6dd58a28c009bec594fbf9c4613583a"}
,"/config/workspace/jpeterson-dev/client/src/context/HomeContext.js": {"path":"/config/workspace/jpeterson-dev/client/src/context/HomeContext.js","statementMap":{"0":{"start":{"line":3,"column":20},"end":{"line":3,"column":35}},"1":{"start":{"line":4,"column":21},"end":{"line":4,"column":32}},"2":{"start":{"line":6,"column":21},"end":{"line":35,"column":1}},"3":{"start":{"line":8,"column":42},"end":{"line":8,"column":56}},"4":{"start":{"line":10,"column":20},"end":{"line":12,"column":5}},"5":{"start":{"line":11,"column":8},"end":{"line":11,"column":27}},"6":{"start":{"line":14,"column":24},"end":{"line":16,"column":5}},"7":{"start":{"line":15,"column":8},"end":{"line":15,"column":28}},"8":{"start":{"line":18,"column":19},"end":{"line":22,"column":5}},"9":{"start":{"line":19,"column":8},"end":{"line":21,"column":9}},"10":{"start":{"line":20,"column":12},"end":{"line":20,"column":23}},"11":{"start":{"line":24,"column":4},"end":{"line":34,"column":4}}},"fnMap":{"0":{"name":"(anonymous_0)","decl":{"start":{"line":6,"column":21},"end":{"line":6,"column":22}},"loc":{"start":{"line":6,"column":39},"end":{"line":35,"column":1}},"line":6},"1":{"name":"(anonymous_1)","decl":{"start":{"line":10,"column":20},"end":{"line":10,"column":21}},"loc":{"start":{"line":10,"column":26},"end":{"line":12,"column":5}},"line":10},"2":{"name":"(anonymous_2)","decl":{"start":{"line":14,"column":24},"end":{"line":14,"column":25}},"loc":{"start":{"line":14,"column":30},"end":{"line":16,"column":5}},"line":14},"3":{"name":"(anonymous_3)","decl":{"start":{"line":18,"column":19},"end":{"line":18,"column":20}},"loc":{"start":{"line":18,"column":25},"end":{"line":22,"column":5}},"line":18}},"branchMap":{"0":{"loc":{"start":{"line":19,"column":8},"end":{"line":21,"column":9}},"type":"if","locations":[{"start":{"line":19,"column":8},"end":{"line":21,"column":9}},{"start":{"line":19,"column":8},"end":{"line":21,"column":9}}],"line":19}},"s":{"0":1,"1":1,"2":1,"3":1,"4":1,"5":1,"6":1,"7":0,"8":1,"9":1,"10":1,"11":1},"f":{"0":1,"1":1,"2":0,"3":1},"b":{"0":[1,0]},"_coverageSchema":"1a1c01bbd47fc00a2c39e90264f33305004495a9","hash":"54f7197e070581b757bdde7d21dbf8a55542e65f"}
,"/config/workspace/jpeterson-dev/client/src/util/index.js": {"path":"/config/workspace/jpeterson-dev/client/src/util/index.js","statementMap":{"0":{"start":{"line":1,"column":30},"end":{"line":5,"column":1}},"1":{"start":{"line":2,"column":2},"end":{"line":4,"column":49}}},"fnMap":{"0":{"name":"(anonymous_0)","decl":{"start":{"line":1,"column":30},"end":{"line":1,"column":31}},"loc":{"start":{"line":1,"column":37},"end":{"line":5,"column":1}},"line":1}},"branchMap":{},"s":{"0":0,"1":0},"f":{"0":0},"b":{}}
,"/config/workspace/jpeterson-dev/client/src/util/public.service.js": {"path":"/config/workspace/jpeterson-dev/client/src/util/public.service.js","statementMap":{"0":{"start":{"line":3,"column":22},"end":{"line":5,"column":2}}},"fnMap":{},"branchMap":{},"s":{"0":1},"f":{},"b":{},"_coverageSchema":"1a1c01bbd47fc00a2c39e90264f33305004495a9","hash":"3139b669e0bcdd2e79013aaf578e7fbf91bedd7c"}
}
