TN:
SF:src/App.js
FN:13,(anonymous_0)
FN:21,(anonymous_1)
FN:43,App
FNF:3
FNH:2
FNDA:0,(anonymous_0)
FNDA:1,(anonymous_1)
FNDA:1,App
DA:13,1
DA:14,0
DA:15,0
DA:16,0
DA:18,0
DA:21,1
DA:22,1
DA:44,1
LF:8
LH:4
BRDA:15,0,0,0
BRDA:15,0,1,0
BRF:2
BRH:0
end_of_record
TN:
SF:src/dummytext.js
FNF:0
FNH:0
DA:1,1
LF:1
LH:1
BRF:0
BRH:0
end_of_record
TN:
SF:src/index.js
FNF:0
FNH:0
DA:11,0
DA:21,0
LF:2
LH:0
BRF:0
BRH:0
end_of_record
TN:
SF:src/serviceWorker.js
FN:23,register
FN:34,(anonymous_1)
FN:43,(anonymous_2)
FN:57,registerValidSW
FN:60,(anonymous_4)
FN:61,(anonymous_5)
FN:66,(anonymous_6)
FN:96,(anonymous_7)
FN:101,checkValidServiceWorker
FN:106,(anonymous_9)
FN:114,(anonymous_10)
FN:115,(anonymous_11)
FN:124,(anonymous_12)
FN:131,unregister
FN:134,(anonymous_14)
FN:137,(anonymous_15)
FNF:16
FNH:0
FNDA:0,register
FNDA:0,(anonymous_1)
FNDA:0,(anonymous_2)
FNDA:0,registerValidSW
FNDA:0,(anonymous_4)
FNDA:0,(anonymous_5)
FNDA:0,(anonymous_6)
FNDA:0,(anonymous_7)
FNDA:0,checkValidServiceWorker
FNDA:0,(anonymous_9)
FNDA:0,(anonymous_10)
FNDA:0,(anonymous_11)
FNDA:0,(anonymous_12)
FNDA:0,unregister
FNDA:0,(anonymous_14)
FNDA:0,(anonymous_15)
DA:13,0
DA:24,0
DA:26,0
DA:27,0
DA:31,0
DA:34,0
DA:35,0
DA:37,0
DA:39,0
DA:43,0
DA:44,0
DA:51,0
DA:58,0
DA:61,0
DA:62,0
DA:63,0
DA:64,0
DA:66,0
DA:67,0
DA:68,0
DA:72,0
DA:78,0
DA:79,0
DA:85,0
DA:88,0
DA:89,0
DA:97,0
DA:103,0
DA:108,0
DA:109,0
DA:114,0
DA:115,0
DA:116,0
DA:121,0
DA:125,0
DA:132,0
DA:133,0
DA:135,0
DA:138,0
LF:39
LH:0
BRDA:14,0,0,0
BRDA:14,0,1,0
BRDA:14,0,2,0
BRDA:24,1,0,0
BRDA:24,1,1,0
BRDA:24,2,0,0
BRDA:24,2,1,0
BRDA:27,3,0,0
BRDA:27,3,1,0
BRDA:37,4,0,0
BRDA:37,4,1,0
BRDA:63,5,0,0
BRDA:63,5,1,0
BRDA:67,6,0,0
BRDA:67,6,1,0
BRDA:68,7,0,0
BRDA:68,7,1,0
BRDA:78,8,0,0
BRDA:78,8,1,0
BRDA:78,9,0,0
BRDA:78,9,1,0
BRDA:88,10,0,0
BRDA:88,10,1,0
BRDA:88,11,0,0
BRDA:88,11,1,0
BRDA:109,12,0,0
BRDA:109,12,1,0
BRDA:110,13,0,0
BRDA:110,13,1,0
BRDA:110,13,2,0
BRDA:132,14,0,0
BRDA:132,14,1,0
BRF:32
BRH:0
end_of_record
TN:
SF:src/Components/About.js
FN:4,About
FNF:1
FNH:1
FNDA:1,About
DA:5,1
LF:1
LH:1
BRF:0
BRH:0
end_of_record
TN:
SF:src/Components/AddPost.js
FN:6,AddPost
FN:17,(anonymous_1)
FN:21,(anonymous_2)
FN:22,(anonymous_3)
FN:28,(anonymous_4)
FN:33,(anonymous_5)
FN:39,(anonymous_6)
FNF:7
FNH:0
FNDA:0,AddPost
FNDA:0,(anonymous_1)
FNDA:0,(anonymous_2)
FNDA:0,(anonymous_3)
FNDA:0,(anonymous_4)
FNDA:0,(anonymous_5)
FNDA:0,(anonymous_6)
DA:7,0
DA:14,0
DA:15,0
DA:16,0
DA:17,0
DA:19,0
DA:21,0
DA:22,0
DA:23,0
DA:24,0
DA:28,0
DA:29,0
DA:30,0
DA:31,0
DA:32,0
DA:33,0
DA:35,0
DA:39,0
DA:40,0
DA:41,0
DA:44,0
LF:21
LH:0
BRF:0
BRH:0
end_of_record
TN:
SF:src/Components/Blog.js
FN:6,Blog
FN:10,(anonymous_1)
FN:14,(anonymous_2)
FN:31,(anonymous_3)
FNF:4
FNH:3
FNDA:1,Blog
FNDA:1,(anonymous_1)
FNDA:1,(anonymous_2)
FNDA:0,(anonymous_3)
DA:8,1
DA:10,1
DA:11,1
DA:14,1
DA:15,1
DA:16,1
DA:17,0
DA:19,0
DA:23,1
DA:32,0
LF:10
LH:7
BRDA:31,0,0,1
BRDA:31,0,1,1
BRF:2
BRH:2
end_of_record
TN:
SF:src/Components/Contact.js
FN:12,Contact
FN:16,(anonymous_1)
FN:36,(anonymous_2)
FNF:3
FNH:1
FNDA:1,Contact
FNDA:0,(anonymous_1)
FNDA:0,(anonymous_2)
DA:6,1
DA:14,1
DA:16,1
DA:17,0
DA:18,0
DA:19,0
DA:20,0
DA:22,0
DA:26,1
DA:36,0
LF:10
LH:4
BRF:0
BRH:0
end_of_record
TN:
SF:src/Components/ContactList.js
FN:4,ContactList
FN:11,(anonymous_1)
FN:15,(anonymous_2)
FN:24,(anonymous_3)
FN:34,(anonymous_4)
FN:45,(anonymous_5)
FN:62,(anonymous_6)
FN:67,(anonymous_7)
FN:106,(anonymous_8)
FN:107,(anonymous_9)
FNF:10
FNH:0
FNDA:0,ContactList
FNDA:0,(anonymous_1)
FNDA:0,(anonymous_2)
FNDA:0,(anonymous_3)
FNDA:0,(anonymous_4)
FNDA:0,(anonymous_5)
FNDA:0,(anonymous_6)
FNDA:0,(anonymous_7)
FNDA:0,(anonymous_8)
FNDA:0,(anonymous_9)
DA:5,0
DA:6,0
DA:7,0
DA:8,0
DA:9,0
DA:11,0
DA:12,0
DA:15,0
DA:16,0
DA:17,0
DA:18,0
DA:20,0
DA:24,0
DA:25,0
DA:26,0
DA:27,0
DA:28,0
DA:30,0
DA:34,0
DA:35,0
DA:36,0
DA:37,0
DA:38,0
DA:39,0
DA:41,0
DA:45,0
DA:46,0
DA:47,0
DA:50,0
DA:63,0
DA:67,0
DA:106,0
DA:107,0
LF:33
LH:0
BRDA:61,0,0,0
BRDA:61,0,1,0
BRDA:65,1,0,0
BRDA:65,1,1,0
BRDA:78,2,0,0
BRDA:78,2,1,0
BRDA:103,3,0,0
BRDA:103,3,1,0
BRF:8
BRH:0
end_of_record
TN:
SF:src/Components/Home.js
FN:12,Home
FN:15,(anonymous_1)
FNF:2
FNH:2
FNDA:1,Home
FNDA:1,(anonymous_1)
DA:13,1
DA:15,1
DA:16,1
DA:19,1
LF:4
LH:4
BRF:0
BRH:0
end_of_record
TN:
SF:src/Components/Landing.js
FN:3,Landing
FNF:1
FNH:1
FNDA:1,Landing
DA:4,1
LF:1
LH:1
BRF:0
BRH:0
end_of_record
TN:
SF:src/Components/Login.js
FN:14,Login
FN:22,(anonymous_1)
FN:26,(anonymous_2)
FN:52,(anonymous_3)
FNF:4
FNH:0
FNDA:0,Login
FNDA:0,(anonymous_1)
FNDA:0,(anonymous_2)
FNDA:0,(anonymous_3)
DA:9,1
DA:16,0
DA:17,0
DA:18,0
DA:20,0
DA:22,0
DA:23,0
DA:26,0
DA:27,0
DA:28,0
DA:29,0
DA:30,0
DA:32,0
DA:33,0
DA:34,0
DA:35,0
DA:36,0
DA:37,0
DA:39,0
DA:40,0
DA:41,0
DA:47,0
DA:52,0
LF:23
LH:1
BRDA:33,0,0,0
BRDA:33,0,1,0
BRDA:36,1,0,0
BRDA:36,1,1,0
BRDA:36,2,0,0
BRDA:36,2,1,0
BRDA:49,3,0,0
BRDA:49,3,1,0
BRF:8
BRH:0
end_of_record
TN:
SF:src/Components/Navbar.js
FN:9,Navbar
FN:13,(anonymous_1)
FNF:2
FNH:1
FNDA:1,Navbar
FNDA:0,(anonymous_1)
DA:10,1
DA:11,1
DA:13,1
DA:14,0
DA:17,1
LF:5
LH:4
BRDA:27,0,0,1
BRDA:27,0,1,0
BRDA:86,1,0,0
BRDA:86,1,1,1
BRF:4
BRH:2
end_of_record
TN:
SF:src/Components/Portfolio.js
FN:5,Portfolio
FN:7,(anonymous_1)
FN:20,(anonymous_2)
FNF:3
FNH:1
FNDA:1,Portfolio
FNDA:0,(anonymous_1)
FNDA:0,(anonymous_2)
DA:7,1
DA:8,0
DA:9,0
DA:10,0
DA:11,0
DA:12,0
DA:13,0
DA:14,0
DA:15,0
DA:16,0
DA:20,1
DA:21,0
DA:22,0
DA:23,0
DA:24,0
DA:25,0
DA:28,1
LF:17
LH:3
BRF:0
BRH:0
end_of_record
TN:
SF:src/Components/Post.js
FN:10,Post
FN:17,(anonymous_1)
FN:22,(anonymous_2)
FN:32,(anonymous_3)
FNF:4
FNH:0
FNDA:0,Post
FNDA:0,(anonymous_1)
FNDA:0,(anonymous_2)
FNDA:0,(anonymous_3)
DA:11,0
DA:12,0
DA:13,0
DA:14,0
DA:15,0
DA:17,0
DA:18,0
DA:19,0
DA:22,0
DA:23,0
DA:24,0
DA:25,0
DA:26,0
DA:28,0
DA:32,0
DA:33,0
DA:34,0
DA:35,0
DA:37,0
DA:41,0
LF:20
LH:0
BRDA:46,0,0,0
BRDA:46,0,1,0
BRDA:47,1,0,0
BRDA:47,1,1,0
BRDA:48,2,0,0
BRDA:48,2,1,0
BRDA:55,3,0,0
BRDA:55,3,1,0
BRDA:56,4,0,0
BRDA:56,4,1,0
BRF:10
BRH:0
end_of_record
TN:
SF:src/Components/PostEditor.js
FN:6,PostEditor
FN:8,(anonymous_1)
FN:13,(anonymous_2)
FN:17,(anonymous_3)
FNF:4
FNH:0
FNDA:0,PostEditor
FNDA:0,(anonymous_1)
FNDA:0,(anonymous_2)
FNDA:0,(anonymous_3)
DA:7,0
DA:8,0
DA:10,0
DA:11,0
DA:13,0
DA:14,0
DA:17,0
DA:18,0
DA:21,0
LF:9
LH:0
BRF:0
BRH:0
end_of_record
TN:
SF:src/Components/PostList.js
FN:7,PostList
FN:14,(anonymous_1)
FN:17,(anonymous_2)
FN:21,(anonymous_3)
FN:30,(anonymous_4)
FN:40,(anonymous_5)
FN:51,(anonymous_6)
FN:55,(anonymous_7)
FN:59,(anonymous_8)
FN:64,(anonymous_9)
FN:65,(anonymous_10)
FN:83,(anonymous_11)
FN:88,(anonymous_12)
FN:127,(anonymous_13)
FN:128,(anonymous_14)
FNF:15
FNH:0
FNDA:0,PostList
FNDA:0,(anonymous_1)
FNDA:0,(anonymous_2)
FNDA:0,(anonymous_3)
FNDA:0,(anonymous_4)
FNDA:0,(anonymous_5)
FNDA:0,(anonymous_6)
FNDA:0,(anonymous_7)
FNDA:0,(anonymous_8)
FNDA:0,(anonymous_9)
FNDA:0,(anonymous_10)
FNDA:0,(anonymous_11)
FNDA:0,(anonymous_12)
FNDA:0,(anonymous_13)
FNDA:0,(anonymous_14)
DA:8,0
DA:9,0
DA:10,0
DA:11,0
DA:12,0
DA:13,0
DA:14,0
DA:17,0
DA:18,0
DA:21,0
DA:22,0
DA:23,0
DA:24,0
DA:26,0
DA:30,0
DA:31,0
DA:32,0
DA:33,0
DA:34,0
DA:36,0
DA:40,0
DA:41,0
DA:42,0
DA:43,0
DA:44,0
DA:45,0
DA:47,0
DA:51,0
DA:52,0
DA:53,0
DA:54,0
DA:55,0
DA:56,0
DA:59,0
DA:60,0
DA:61,0
DA:64,0
DA:65,0
DA:66,0
DA:67,0
DA:71,0
DA:84,0
DA:88,0
DA:127,0
DA:128,0
LF:45
LH:0
BRDA:82,0,0,0
BRDA:82,0,1,0
BRDA:86,1,0,0
BRDA:86,1,1,0
BRDA:99,2,0,0
BRDA:99,2,1,0
BRF:6
BRH:0
end_of_record
TN:
SF:src/Components/PostTile.js
FN:4,PostTile
FN:6,(anonymous_1)
FN:10,(anonymous_2)
FNF:3
FNH:0
FNDA:0,PostTile
FNDA:0,(anonymous_1)
FNDA:0,(anonymous_2)
DA:5,0
DA:6,0
DA:7,0
DA:10,0
DA:11,0
DA:12,0
DA:13,0
DA:15,0
DA:19,0
LF:9
LH:0
BRDA:25,0,0,0
BRDA:25,0,1,0
BRF:2
BRH:0
end_of_record
TN:
SF:src/Components/Private.js
FN:7,Private
FN:10,(anonymous_1)
FNF:2
FNH:0
FNDA:0,Private
FNDA:0,(anonymous_1)
DA:8,0
DA:10,0
DA:11,0
DA:14,0
LF:4
LH:0
BRF:0
BRH:0
end_of_record
TN:
SF:src/Components/Public.js
FN:4,Public
FNF:1
FNH:0
FNDA:0,Public
DA:5,0
LF:1
LH:0
BRF:0
BRH:0
end_of_record
TN:
SF:src/context/AuthContext.js
FN:7,(anonymous_0)
FN:18,(anonymous_1)
FN:29,(anonymous_2)
FN:42,(anonymous_3)
FN:47,(anonymous_4)
FN:58,(anonymous_5)
FNF:6
FNH:2
FNDA:1,(anonymous_0)
FNDA:0,(anonymous_1)
FNDA:0,(anonymous_2)
FNDA:0,(anonymous_3)
FNDA:1,(anonymous_4)
FNDA:0,(anonymous_5)
DA:4,1
DA:5,1
DA:7,1
DA:8,1
DA:9,1
DA:10,1
DA:12,1
DA:18,1
DA:19,0
DA:20,0
DA:22,0
DA:29,1
DA:30,0
DA:31,0
DA:33,0
DA:39,0
DA:42,1
DA:43,0
DA:47,1
DA:48,1
DA:49,1
DA:51,0
DA:54,1
DA:58,0
LF:24
LH:14
BRDA:15,0,0,0
BRDA:15,0,1,1
BRDA:48,1,0,1
BRDA:48,1,1,0
BRF:4
BRH:2
end_of_record
TN:
SF:src/context/AxiosContext.js
FN:7,(anonymous_0)
FN:12,(anonymous_1)
FN:13,(anonymous_2)
FNF:3
FNH:3
FNDA:1,(anonymous_0)
FNDA:1,(anonymous_1)
FNDA:1,(anonymous_2)
DA:4,1
DA:5,1
DA:7,1
DA:8,1
DA:12,1
DA:13,1
DA:14,1
DA:15,0
DA:18,1
DA:21,1
LF:10
LH:9
BRF:0
BRH:0
end_of_record
TN:
SF:src/context/HomeContext.js
FN:6,(anonymous_0)
FN:10,(anonymous_1)
FN:14,(anonymous_2)
FN:18,(anonymous_3)
FNF:4
FNH:3
FNDA:1,(anonymous_0)
FNDA:1,(anonymous_1)
FNDA:0,(anonymous_2)
FNDA:1,(anonymous_3)
DA:3,1
DA:4,1
DA:6,1
DA:8,1
DA:10,1
DA:11,1
DA:14,1
DA:15,0
DA:18,1
DA:19,1
DA:20,1
DA:24,1
LF:12
LH:11
BRDA:19,0,0,1
BRDA:19,0,1,0
BRF:2
BRH:1
end_of_record
TN:
SF:src/util/index.js
FN:1,(anonymous_0)
FNF:1
FNH:0
FNDA:0,(anonymous_0)
DA:1,0
DA:2,0
LF:2
LH:0
BRF:0
BRH:0
end_of_record
TN:
SF:src/util/public.service.js
FNF:0
FNH:0
DA:3,1
LF:1
LH:1
BRF:0
BRH:0
end_of_record
